Build started 10/9/2016 5:50:33 PM.
     1>Project "C:\Users\peter\Documents\CS-3113_HW\Homework 3\NYUCodebase\NYUCodebase.vcxproj" on node 2 (Build target(s)).
     1>ClCompile:
         C:\Program Files (x86)\Microsoft Visual Studio 12.0\VC\bin\CL.exe /c /IC:\SDL2\include /IC:\SDL2_image\include /IC:\glew\include /IC:\SDL2_mixer\include /Zi /nologo /W3 /WX- /sdl /O2 /Oi /Oy- /GL /D _WINDOWS /D _MBCS /D _MBCS /Gm- /EHsc /MD /GS /Gy /fp:precise /Zc:wchar_t /Zc:forScope /Fo"Release\\" /Fd"Release\vc120.pdb" /Gd /TP /analyze- /errorReport:prompt CollisionEvent.cpp CollisionEventListener.cpp Entity.cpp EventListener.cpp LogicEvent.cpp main.cpp Matrix.cpp ShaderProgram.cpp SpriteEntity.cpp TexturedEntity.cpp TickEvent.cpp Vector3.cpp
         CollisionEvent.cpp
         CollisionEventListener.cpp
         Entity.cpp
     1>Entity.cpp(253): warning C4172: returning address of local variable or temporary
         EventListener.cpp
         LogicEvent.cpp
     1>c:\users\peter\documents\cs-3113_hw\homework 3\nyucodebase\LogicEvent.h(12): warning C4413: 'LogicEvent::eventType' : reference member is initialized to a temporary that doesn't persist after the constructor exits
                 c:\users\peter\documents\cs-3113_hw\homework 3\nyucodebase\LogicEvent.h(12) : see declaration of 'LogicEvent::eventType'
         main.cpp
     1>main.cpp(91): warning C4244: 'argument' : conversion from 'double' to 'float', possible loss of data
     1>main.cpp(92): warning C4305: 'argument' : truncation from 'double' to 'float'
     1>main.cpp(111): warning C4305: 'argument' : truncation from 'double' to 'float'
     1>main.cpp(112): warning C4305: 'argument' : truncation from 'double' to 'float'
     1>main.cpp(165): warning C4305: 'argument' : truncation from 'double' to 'float'
     1>main.cpp(229): warning C4305: '=' : truncation from 'double' to 'float'
     1>main.cpp(233): warning C4305: '=' : truncation from 'double' to 'float'
     1>main.cpp(250): warning C4305: '=' : truncation from 'double' to 'float'
     1>main.cpp(254): warning C4305: '=' : truncation from 'double' to 'float'
     1>main.cpp(280): warning C4244: 'argument' : conversion from 'time_t' to 'unsigned int', possible loss of data
     1>main.cpp(347): warning C4018: '<' : signed/unsigned mismatch
     1>main.cpp(453): warning C4305: 'argument' : truncation from 'double' to 'float'
     1>main.cpp(481): warning C4305: 'argument' : truncation from 'double' to 'float'
     1>main.cpp(498): warning C4305: 'argument' : truncation from 'double' to 'float'
     1>main.cpp(499): warning C4305: 'argument' : truncation from 'double' to 'float'
     1>main.cpp(502): warning C4305: 'argument' : truncation from 'double' to 'float'
     1>main.cpp(503): warning C4305: 'argument' : truncation from 'double' to 'float'
     1>main.cpp(539): warning C4305: 'argument' : truncation from 'double' to 'float'
     1>main.cpp(540): warning C4305: 'argument' : truncation from 'double' to 'float'
     1>main.cpp(551): warning C4305: 'argument' : truncation from 'double' to 'float'
     1>main.cpp(555): warning C4305: 'argument' : truncation from 'double' to 'float'
         Matrix.cpp
     1>Matrix.cpp(213): warning C4244: 'argument' : conversion from 'double' to 'float', possible loss of data
     1>Matrix.cpp(214): warning C4244: 'argument' : conversion from 'double' to 'float', possible loss of data
         ShaderProgram.cpp
         SpriteEntity.cpp
     1>SpriteEntity.cpp(25): warning C4244: 'initializing' : conversion from 'double' to 'float', possible loss of data
     1>SpriteEntity.cpp(26): warning C4244: 'initializing' : conversion from 'double' to 'float', possible loss of data
         TexturedEntity.cpp
         TickEvent.cpp
         Vector3.cpp
       Link:
         C:\Program Files (x86)\Microsoft Visual Studio 12.0\VC\bin\link.exe /ERRORREPORT:PROMPT /OUT:"C:\Users\peter\Documents\CS-3113_HW\Homework 3\Release\Homework 3.exe" /NOLOGO /LIBPATH:C:\SDL2_mixer\lib\x86 /LIBPATH:C:\SDL2\lib\x86 /LIBPATH:C:\SDL2_image\lib\x86 /LIBPATH:C:\glew\lib\Release\Win32 SDL2.lib SDL2_mixer.lib glew32.lib SDL2main.lib SDL2_image.lib OpenGL32.lib /MANIFEST /MANIFESTUAC:"level='asInvoker' uiAccess='false'" /manifest:embed /DEBUG /PDB:"C:\Users\peter\Documents\CS-3113_HW\Homework 3\Release\Homework 3.pdb" /SUBSYSTEM:WINDOWS /OPT:REF /OPT:ICF /LTCG /TLBID:1 /DYNAMICBASE /NXCOMPAT /IMPLIB:"C:\Users\peter\Documents\CS-3113_HW\Homework 3\Release\Homework 3.lib" /MACHINE:X86 /SAFESEH Release\CollisionEvent.obj
         Release\CollisionEventListener.obj
         Release\Entity.obj
         Release\EventListener.obj
         Release\LogicEvent.obj
         Release\main.obj
         Release\Matrix.obj
         Release\ShaderProgram.obj
         Release\SpriteEntity.obj
         Release\TexturedEntity.obj
         Release\TickEvent.obj
         Release\Vector3.obj
         Generating code
         Finished generating code
         NYUCodebase.vcxproj -> C:\Users\peter\Documents\CS-3113_HW\Homework 3\Release\Homework 3.exe
     1>Done Building Project "C:\Users\peter\Documents\CS-3113_HW\Homework 3\NYUCodebase\NYUCodebase.vcxproj" (Build target(s)).

Build succeeded.

Time Elapsed 00:00:10.53
